\BOOKMARK [0][-]{chapter.1}{Introduzione}{}% 1
\BOOKMARK [1][-]{section.1.1}{Il DNA come base molecolare dell'ereditariet\340}{chapter.1}% 2
\BOOKMARK [2][-]{subsection.1.1.1}{Isolamento del DNA}{section.1.1}% 3
\BOOKMARK [2][-]{subsection.1.1.2}{Caratterizzazione chimica e prima teorizzazione della struttura}{section.1.1}% 4
\BOOKMARK [2][-]{subsection.1.1.3}{Determinazione del rapporto tra le basi}{section.1.1}% 5
\BOOKMARK [2][-]{subsection.1.1.4}{Studi del pneumococco}{section.1.1}% 6
\BOOKMARK [2][-]{subsection.1.1.5}{Studi dei batteriofagi}{section.1.1}% 7
\BOOKMARK [2][-]{subsection.1.1.6}{Alternative al DNA a doppio filamento}{section.1.1}% 8
\BOOKMARK [1][-]{section.1.2}{La rivoluzione del DNA}{chapter.1}% 9
\BOOKMARK [2][-]{subsection.1.2.1}{Leggere il DNA}{section.1.2}% 10
\BOOKMARK [2][-]{subsection.1.2.2}{Contare il DNA}{section.1.2}% 11
\BOOKMARK [2][-]{subsection.1.2.3}{Scrivere il DNA}{section.1.2}% 12
\BOOKMARK [2][-]{subsection.1.2.4}{Interazioni gene e ambiente}{section.1.2}% 13
\BOOKMARK [0][-]{chapter.2}{Mitosi e meiosi}{}% 14
\BOOKMARK [1][-]{section.2.1}{Riproduzione cellulare}{chapter.2}% 15
\BOOKMARK [2][-]{subsection.2.1.1}{Riproduzione procariote}{section.2.1}% 16
\BOOKMARK [2][-]{subsection.2.1.2}{Riproduzione eucariote}{section.2.1}% 17
\BOOKMARK [1][-]{section.2.2}{Cromosomi}{chapter.2}% 18
\BOOKMARK [2][-]{subsection.2.2.1}{Struttura}{section.2.2}% 19
\BOOKMARK [1][-]{section.2.3}{Ciclo cellulare e mitosi}{chapter.2}% 20
\BOOKMARK [2][-]{subsection.2.3.1}{Ciclo cellulare}{section.2.3}% 21
\BOOKMARK [2][-]{subsection.2.3.2}{Mitosi}{section.2.3}% 22
\BOOKMARK [1][-]{section.2.4}{Eventi drammatici nella mitosi}{chapter.2}% 23
\BOOKMARK [2][-]{subsection.2.4.1}{Rotture del DNA e polverizzazione dei cromosomi da errori nella mitosi}{section.2.4}% 24
\BOOKMARK [2][-]{subsection.2.4.2}{Cromotripsi causata dal danno del DNA nei micronuclei}{section.2.4}% 25
\BOOKMARK [2][-]{subsection.2.4.3}{Endoreplicazione, la poliploidia con uno scopo}{section.2.4}% 26
\BOOKMARK [1][-]{section.2.5}{La riproduzione sessuata - Meiosi}{chapter.2}% 27
\BOOKMARK [2][-]{subsection.2.5.1}{Meiosi 1}{section.2.5}% 28
\BOOKMARK [2][-]{subsection.2.5.2}{Intercinesi}{section.2.5}% 29
\BOOKMARK [2][-]{subsection.2.5.3}{Meiosi II}{section.2.5}% 30
\BOOKMARK [2][-]{subsection.2.5.4}{Confronto con mitosi}{section.2.5}% 31
\BOOKMARK [2][-]{subsection.2.5.5}{Fonti di variazione genetica nella meiosi}{section.2.5}% 32
\BOOKMARK [2][-]{subsection.2.5.6}{La meiosi nel ciclo vitale di animali e piante}{section.2.5}% 33
\BOOKMARK [0][-]{chapter.3}{Mendel}{}% 34
\BOOKMARK [1][-]{section.3.1}{Vita}{chapter.3}% 35
\BOOKMARK [2][-]{subsection.3.1.1}{Esperiment}{section.3.1}% 36
\BOOKMARK [2][-]{subsection.3.1.2}{L'eredit\340 Mendeliana}{section.3.1}% 37
\BOOKMARK [1][-]{section.3.2}{Principi mendeliani}{chapter.3}% 38
\BOOKMARK [2][-]{subsection.3.2.1}{Primo esperimento}{section.3.2}% 39
\BOOKMARK [2][-]{subsection.3.2.2}{Reincrocio}{section.3.2}% 40
\BOOKMARK [2][-]{subsection.3.2.3}{Secondo esperimento}{section.3.2}% 41
\BOOKMARK [1][-]{section.3.3}{Comprensione molecolare degli esperimenti di Mendel}{chapter.3}% 42
\BOOKMARK [1][-]{section.3.4}{Esempi di tratti mendeliani nell'uomo}{chapter.3}% 43
\BOOKMARK [2][-]{subsection.3.4.1}{Definizioni}{section.3.4}% 44
\BOOKMARK [2][-]{subsection.3.4.2}{Beta-Talassemia}{section.3.4}% 45
\BOOKMARK [2][-]{subsection.3.4.3}{Anemia falciforme}{section.3.4}% 46
\BOOKMARK [0][-]{chapter.4}{Estensione dell'analisi genetica mendeliana}{}% 47
\BOOKMARK [1][-]{section.4.1}{Pathway genetici}{chapter.4}% 48
\BOOKMARK [1][-]{section.4.2}{Interazioni tra alleli}{chapter.4}% 49
\BOOKMARK [2][-]{subsection.4.2.1}{Dominanza incompleta}{section.4.2}% 50
\BOOKMARK [2][-]{subsection.4.2.2}{Codominanza}{section.4.2}% 51
\BOOKMARK [2][-]{subsection.4.2.3}{Allelismo multiplo}{section.4.2}% 52
\BOOKMARK [2][-]{subsection.4.2.4}{Alleli letali}{section.4.2}% 53
\BOOKMARK [2][-]{subsection.4.2.5}{Letalit\340 sintetica}{section.4.2}% 54
\BOOKMARK [1][-]{section.4.3}{Interazioni geniche e rapporti mendeliani modificati}{chapter.4}% 55
\BOOKMARK [2][-]{subsection.4.3.1}{Esempi}{section.4.3}% 56
\BOOKMARK [2][-]{subsection.4.3.2}{Fenocopia}{section.4.3}% 57
\BOOKMARK [1][-]{section.4.4}{Epistasi}{chapter.4}% 58
\BOOKMARK [2][-]{subsection.4.4.1}{Epistassi recessiva doppia}{section.4.4}% 59
\BOOKMARK [2][-]{subsection.4.4.2}{Epistasi recessiva}{section.4.4}% 60
\BOOKMARK [2][-]{subsection.4.4.3}{Epistasi dominante I}{section.4.4}% 61
\BOOKMARK [2][-]{subsection.4.4.4}{Epistasi dominante II}{section.4.4}% 62
\BOOKMARK [2][-]{subsection.4.4.5}{Complementariet\340}{section.4.4}% 63
\BOOKMARK [2][-]{subsection.4.4.6}{Ridondanza genica}{section.4.4}% 64
\BOOKMARK [2][-]{subsection.4.4.7}{Interazione genetica dominante}{section.4.4}% 65
\BOOKMARK [2][-]{subsection.4.4.8}{Sovradominanza o vantaggio dell'eterozigote}{section.4.4}% 66
\BOOKMARK [2][-]{subsection.4.4.9}{Un soppressore extragenico pu\362 cancellare gli effetti fenotipici di una mutazione}{section.4.4}% 67
\BOOKMARK [1][-]{section.4.5}{Complementazione}{chapter.4}% 68
\BOOKMARK [2][-]{subsection.4.5.1}{Drosophila}{section.4.5}% 69
\BOOKMARK [2][-]{subsection.4.5.2}{Analisi di complementazione}{section.4.5}% 70
\BOOKMARK [1][-]{section.4.6}{Lievito gemmante S. cerevisiea}{chapter.4}% 71
\BOOKMARK [2][-]{subsection.4.6.1}{Studio dei mutanti}{section.4.6}% 72
\BOOKMARK [0][-]{chapter.5}{Interazioni gene ambiente}{}% 73
\BOOKMARK [1][-]{section.5.1}{Definizioni}{chapter.5}% 74
\BOOKMARK [2][-]{subsection.5.1.1}{Penetranza}{section.5.1}% 75
\BOOKMARK [2][-]{subsection.5.1.2}{Espressivit\340}{section.5.1}% 76
\BOOKMARK [1][-]{section.5.2}{Caratteri autosomici limitati/influenzati dal sesso}{chapter.5}% 77
\BOOKMARK [2][-]{subsection.5.2.1}{Esempi}{section.5.2}% 78
\BOOKMARK [2][-]{subsection.5.2.2}{Limitato al sesso}{section.5.2}% 79
\BOOKMARK [1][-]{section.5.3}{Probabilit\340}{chapter.5}% 80
\BOOKMARK [1][-]{section.5.4}{Pleiotropia}{chapter.5}% 81
\BOOKMARK [2][-]{subsection.5.4.1}{Singed - mutante di Drosophila}{section.5.4}% 82
\BOOKMARK [2][-]{subsection.5.4.2}{Pleiotropia nell'anemia falciforme}{section.5.4}% 83
\BOOKMARK [2][-]{subsection.5.4.3}{Pleiotropia antagonistica}{section.5.4}% 84
\BOOKMARK [0][-]{chapter.6}{Pedigree}{}% 85
\BOOKMARK [1][-]{section.6.1}{Simboli dei pedigree}{chapter.6}% 86
